<?xml version="1.0" encoding="UTF-8"?>
<testsuite name="Cucumber" time="256.271" tests="8" skipped="0" failures="0" errors="0">
<testcase classname="Gmail login feature" name="FB Login feature - Example #1.1" time="38.973">
<system-out><![CDATA[
Given user open the browser.................................................passed
And user is in FB login page................................................passed
When user enter "9704661656" and "Subbu165689$".............................passed
Then user is navigate to FBHome Page Successfully...........................passed
]]></system-out>
</testcase>
<testcase classname="FaceBook Login" name="User is login FaceBookHomePage functionalities." time="35.906">
<system-out><![CDATA[
Given user open the browser.................................................passed
And user is on FB login page................................................passed
When user enter username and password.......................................passed
When user clicks on FB login button.........................................passed
Then user is navigate the FBHome Page.......................................passed
]]></system-out>
</testcase>
<testcase classname="FaceBook Login" name="User is login FBPage with valid username and valid password" time="41.24">
<system-out><![CDATA[
Given user open the browser.................................................passed
And user is on FB login page................................................passed
When user enter valid username and valid password...........................passed
When user clicks on FB login button.........................................passed
Then user is navigate the FBHome Page.......................................passed
]]></system-out>
</testcase>
<testcase classname="FaceBook Login" name="User is login FBPage with valid username and invalid password" time="27.965">
<system-out><![CDATA[
Given user open the browser.................................................passed
And user is on FB login page................................................passed
When user enter valid username and invalid password.........................passed
When user clicks on FB login button.........................................passed
Then user is not navigate the FaceBookHome Page.............................passed
]]></system-out>
</testcase>
<testcase classname="FaceBook Login" name="User is login FBPage with invalid username and valid password" time="30.825">
<system-out><![CDATA[
Given user open the browser.................................................passed
And user is on FB login page................................................passed
When user enter invalid username and valid password.........................passed
When user clicks on FB login button.........................................passed
Then user is not navigate the FaceBookHome Page.............................passed
]]></system-out>
</testcase>
<testcase classname="FaceBook Login" name="User is login FBPage with invalid username and invalid password" time="42.598">
<system-out><![CDATA[
Given user open the browser.................................................passed
And user is on FB login page................................................passed
When user enter invalid username and invalid password.......................passed
When user clicks on FB login button.........................................passed
Then user is not navigate the FaceBookHome Page.............................passed
]]></system-out>
</testcase>
<testcase classname="GoogleSearch Page" name="Search the text on the GoogleSearchPage" time="33.594">
<system-out><![CDATA[
Given user lunch the browser................................................passed
When user open used google search page URL..................................passed
When user search some text on the google searchbox..........................passed
And user hits search box....................................................passed
Then user navigate the search results.......................................passed
]]></system-out>
</testcase>
<testcase classname="FaceBook Login feature" name="User login FacebookHome Page" time="3.608">
<system-out><![CDATA[
Given user is on login page.................................................passed
When user enters username and password......................................passed
And clicks on login button..................................................passed
Then user is navigated to the faceboook homepage............................passed
]]></system-out>
</testcase>
</testsuite>
