<?xml version="1.0" encoding="UTF-8"?>
<testsuite name="Cucumber" time="104.702" tests="7" skipped="0" failures="0" errors="0">
<testcase classname="FaceBook Login" name="User is login FaceBookHomePage functionalities." time="27.001">
<system-out><![CDATA[
Given user open the browser.................................................passed
And user is on FB login page................................................passed
When user enter username and password.......................................passed
When user clicks on FB login button.........................................passed
Then user is navigate the FBHome Page.......................................passed
]]></system-out>
</testcase>
<testcase classname="FaceBook Login" name="User is login FBPage with valid username and valid password" time="21.146">
<system-out><![CDATA[
Given user open the browser.................................................passed
And user is on FB login page................................................passed
When user enter valid username and valid password...........................passed
When user clicks on FB login button.........................................passed
Then user is navigate the FBHome Page.......................................passed
]]></system-out>
</testcase>
<testcase classname="FaceBook Login" name="User is login FBPage with valid username and invalid password" time="12.41">
<system-out><![CDATA[
Given user open the browser.................................................passed
And user is on FB login page................................................passed
When user enter valid username and invalid password.........................passed
When user clicks on FB login button.........................................passed
Then user is not navigate the FaceBookHome Page.............................passed
]]></system-out>
</testcase>
<testcase classname="FaceBook Login" name="User is login FBPage with invalid username and valid password" time="11.941">
<system-out><![CDATA[
Given user open the browser.................................................passed
And user is on FB login page................................................passed
When user enter invalid username and valid password.........................passed
When user clicks on FB login button.........................................passed
Then user is not navigate the FaceBookHome Page.............................passed
]]></system-out>
</testcase>
<testcase classname="FaceBook Login" name="User is login FBPage with invalid username and invalid password" time="13.87">
<system-out><![CDATA[
Given user open the browser.................................................passed
And user is on FB login page................................................passed
When user enter invalid username and invalid password.......................passed
When user clicks on FB login button.........................................passed
Then user is not navigate the FaceBookHome Page.............................passed
]]></system-out>
</testcase>
<testcase classname="GoogleSearch Page" name="Search the text on the GoogleSearchPage" time="17.939">
<system-out><![CDATA[
Given user lunch the browser................................................passed
When user open used google search page URL..................................passed
When user search some text on the google searchbox..........................passed
And user hits search box....................................................passed
Then user navigate the search results.......................................passed
]]></system-out>
</testcase>
<testcase classname="FaceBook Login feature" name="User login FacebookHome Page" time="0.012">
<system-out><![CDATA[
Given user is on login page.................................................passed
When user enters username and password......................................passed
And clicks on login button..................................................passed
Then user is navigated to the faceboook homepage............................passed
]]></system-out>
</testcase>
</testsuite>
